This is XeTeX, Version 3.141592653-2.6-0.999993 (TeX Live 2022/dev/Debian) (preloaded format=xelatex 2022.4.27)  14 JUN 2022 01:48
entering extended mode
 restricted \write18 enabled.
 %&-line parsing enabled.
**main.tex
(./main.tex
LaTeX2e <2021-11-15> patch level 1
L3 programming layer <2022-01-21>
(/usr/share/texlive/texmf-dist/tex/latex/base/article.cls
Document Class: article 2021/10/04 v1.4n Standard LaTeX document class
(/usr/share/texlive/texmf-dist/tex/latex/base/size12.clo
File: size12.clo 2021/10/04 v1.4n Standard LaTeX file (size option)
)
\c@part=\count181
\c@section=\count182
\c@subsection=\count183
\c@subsubsection=\count184
\c@paragraph=\count185
\c@subparagraph=\count186
\c@figure=\count187
\c@table=\count188
\abovecaptionskip=\skip47
\belowcaptionskip=\skip48
\bibindent=\dimen138
) (./xelatex.tex
(/usr/share/texlive/texmf-dist/tex/latex/graphics/graphicx.sty
Package: graphicx 2021/09/16 v1.2d Enhanced LaTeX Graphics (DPC,SPQR)

(/usr/share/texlive/texmf-dist/tex/latex/graphics/keyval.sty
Package: keyval 2014/10/28 v1.15 key=value parser (DPC)
\KV@toks@=\toks16
)
(/usr/share/texlive/texmf-dist/tex/latex/graphics/graphics.sty
Package: graphics 2021/03/04 v1.4d Standard LaTeX Graphics (DPC,SPQR)

(/usr/share/texlive/texmf-dist/tex/latex/graphics/trig.sty
Package: trig 2021/08/11 v1.11 sin cos tan (DPC)
)
(/usr/share/texlive/texmf-dist/tex/latex/graphics-cfg/graphics.cfg
File: graphics.cfg 2016/06/04 v1.11 sample graphics configuration
)
Package graphics Info: Driver file: xetex.def on input line 107.

(/usr/share/texlive/texmf-dist/tex/latex/graphics-def/xetex.def
File: xetex.def 2021/03/18 v5.0k Graphics/color driver for xetex
))
\Gin@req@height=\dimen139
\Gin@req@width=\dimen140
)
(/usr/share/texlive/texmf-dist/tex/latex/placeins/placeins.sty
Package: placeins 2005/04/18  v 2.2
)
(/usr/share/texlive/texmf-dist/tex/latex/float/float.sty
Package: float 2001/11/08 v1.3d Float enhancements (AL)
\c@float@type=\count189
\float@exts=\toks17
\float@box=\box50
\@float@everytoks=\toks18
\@floatcapt=\box51
)
(/usr/share/texlive/texmf-dist/tex/latex/amsmath/amsmath.sty
Package: amsmath 2021/10/15 v2.17l AMS math features
\@mathmargin=\skip49

For additional information on amsmath, use the `?' option.
(/usr/share/texlive/texmf-dist/tex/latex/amsmath/amstext.sty
Package: amstext 2021/08/26 v2.01 AMS text

(/usr/share/texlive/texmf-dist/tex/latex/amsmath/amsgen.sty
File: amsgen.sty 1999/11/30 v2.0 generic functions
\@emptytoks=\toks19
\ex@=\dimen141
))
(/usr/share/texlive/texmf-dist/tex/latex/amsmath/amsbsy.sty
Package: amsbsy 1999/11/29 v1.2d Bold Symbols
\pmbraise@=\dimen142
)
(/usr/share/texlive/texmf-dist/tex/latex/amsmath/amsopn.sty
Package: amsopn 2021/08/26 v2.02 operator names
)
\inf@bad=\count190
LaTeX Info: Redefining \frac on input line 234.
\uproot@=\count191
\leftroot@=\count192
LaTeX Info: Redefining \overline on input line 399.
\classnum@=\count193
\DOTSCASE@=\count194
LaTeX Info: Redefining \ldots on input line 496.
LaTeX Info: Redefining \dots on input line 499.
LaTeX Info: Redefining \cdots on input line 620.
\Mathstrutbox@=\box52
\strutbox@=\box53
\big@size=\dimen143
LaTeX Font Info:    Redeclaring font encoding OML on input line 743.
LaTeX Font Info:    Redeclaring font encoding OMS on input line 744.
\macc@depth=\count195
\c@MaxMatrixCols=\count196
\dotsspace@=\muskip16
\c@parentequation=\count197
\dspbrk@lvl=\count198
\tag@help=\toks20
\row@=\count199
\column@=\count266
\maxfields@=\count267
\andhelp@=\toks21
\eqnshift@=\dimen144
\alignsep@=\dimen145
\tagshift@=\dimen146
\tagwidth@=\dimen147
\totwidth@=\dimen148
\lineht@=\dimen149
\@envbody=\toks22
\multlinegap=\skip50
\multlinetaggap=\skip51
\mathdisplay@stack=\toks23
LaTeX Info: Redefining \[ on input line 2938.
LaTeX Info: Redefining \] on input line 2939.
)
(/usr/share/texlive/texmf-dist/tex/latex/listings/listings.sty
\lst@mode=\count268
\lst@gtempboxa=\box54
\lst@token=\toks24
\lst@length=\count269
\lst@currlwidth=\dimen150
\lst@column=\count270
\lst@pos=\count271
\lst@lostspace=\dimen151
\lst@width=\dimen152
\lst@newlines=\count272
\lst@lineno=\count273
\lst@maxwidth=\dimen153

(/usr/share/texlive/texmf-dist/tex/latex/listings/lstmisc.sty
File: lstmisc.sty 2020/03/24 1.8d (Carsten Heinz)
\c@lstnumber=\count274
\lst@skipnumbers=\count275
\lst@framebox=\box55
)
(/usr/share/texlive/texmf-dist/tex/latex/listings/listings.cfg
File: listings.cfg 2020/03/24 1.8d listings configuration
))
Package: listings 2020/03/24 1.8d (Carsten Heinz)

(/usr/share/texlive/texmf-dist/tex/latex/xcolor/xcolor.sty
Package: xcolor 2021/10/31 v2.13 LaTeX color extensions (UK)

(/usr/share/texlive/texmf-dist/tex/latex/graphics-cfg/color.cfg
File: color.cfg 2016/01/02 v1.6 sample color configuration
)
Package xcolor Info: Driver file: xetex.def on input line 227.
Package xcolor Info: Model `cmy' substituted by `cmy0' on input line 1352.
Package xcolor Info: Model `RGB' extended on input line 1368.
Package xcolor Info: Model `HTML' substituted by `rgb' on input line 1370.
Package xcolor Info: Model `Hsb' substituted by `hsb' on input line 1371.
Package xcolor Info: Model `tHsb' substituted by `hsb' on input line 1372.
Package xcolor Info: Model `HSB' substituted by `hsb' on input line 1373.
Package xcolor Info: Model `Gray' substituted by `gray' on input line 1374.
Package xcolor Info: Model `wave' substituted by `hsb' on input line 1375.
)
(/usr/share/texlive/texmf-dist/tex/latex/extarrows/extarrows.sty
Package: extarrows 2020/03/12 v1.2.0 Some extensible arrows
)
(/usr/share/texlive/texmf-dist/tex/latex/tools/verbatim.sty
Package: verbatim 2020-07-07 v1.5u LaTeX2e package for verbatim enhancements
\every@verbatim=\toks25
\verbatim@line=\toks26
\verbatim@in@stream=\read2
)
(/usr/share/texlive/texmf-dist/tex/latex/tools/enumerate.sty
Package: enumerate 2015/07/23 v3.00 enumerate extensions (DPC)
\@enLab=\toks27
)
(/usr/share/texlive/texmf-dist/tex/latex/enumitem/enumitem.sty
Package: enumitem 2019/06/20 v3.9 Customized lists
\labelindent=\skip52
\enit@outerparindent=\dimen154
\enit@toks=\toks28
\enit@inbox=\box56
\enit@count@id=\count276
\enitdp@description=\count277
)
(/usr/share/texlive/texmf-dist/tex/latex/eurosym/eurosym.sty
Package: eurosym 1998/08/06 v1.1 European currency symbol ``Euro''
\@eurobox=\box57
)
(/usr/share/texlive/texmf-dist/tex/latex/svg/svg.sty
Package: svg 2020/11/26 v2.02k (include SVG pictures)

(/usr/share/texlive/texmf-dist/tex/generic/iftex/iftex.sty
Package: iftex 2020/03/06 v1.0d TeX engine tests
)
(/usr/share/texlive/texmf-dist/tex/latex/koma-script/scrbase.sty
Package: scrbase 2021/11/13 v3.35 KOMA-Script package (KOMA-Script-independent 
basics and keyval usage)

(/usr/share/texlive/texmf-dist/tex/latex/koma-script/scrlfile.sty
Package: scrlfile 2021/11/13 v3.35 KOMA-Script package (file load hooks)

(/usr/share/texlive/texmf-dist/tex/latex/koma-script/scrlfile-hook.sty
Package: scrlfile-hook 2021/11/13 v3.35 KOMA-Script package (using LaTeX hooks)


(/usr/share/texlive/texmf-dist/tex/latex/koma-script/scrlogo.sty
Package: scrlogo 2021/11/13 v3.35 KOMA-Script package (logo)
)))
Applying: [2021/05/01] Usage of raw or classic option list on input line 252.
Already applied: [0000/00/00] Usage of raw or classic option list on input line
 368.
)
(/usr/share/texlive/texmf-dist/tex/generic/pdftexcmds/pdftexcmds.sty
Package: pdftexcmds 2020-06-27 v0.33 Utility functions of pdfTeX for LuaTeX (HO
)

(/usr/share/texlive/texmf-dist/tex/generic/infwarerr/infwarerr.sty
Package: infwarerr 2019/12/03 v1.5 Providing info/warning/error messages (HO)
)
(/usr/share/texlive/texmf-dist/tex/generic/ltxcmds/ltxcmds.sty
Package: ltxcmds 2020-05-10 v1.25 LaTeX kernel commands for general use (HO)
)
Package pdftexcmds Info: \pdf@primitive is available.
Package pdftexcmds Info: \pdf@ifprimitive is available.
Package pdftexcmds Info: \pdfdraftmode not found.
)
(/usr/share/texlive/texmf-dist/tex/latex/trimspaces/trimspaces.sty
Package: trimspaces 2009/09/17 v1.1 Trim spaces around a token list
)
(/usr/share/texlive/texmf-dist/tex/latex/tools/shellesc.sty
Package: shellesc 2019/11/08 v1.0c unified shell escape interface for LaTeX
Package shellesc Info: Restricted shell escape enabled on input line 77.
)
\c@svg@param@lastpage=\count278
\svg@box=\box58
\c@svg@param@currpage=\count279
)
(/usr/share/texlive/texmf-dist/tex/latex/transparent/transparent.sty
Package: transparent 2019/11/29 v1.4 Transparency via pdfTeX's color stack (HO)



Package transparent Warning: Loading aborted, because pdfTeX is not running in 
PDF mode.

) (/usr/share/texlive/texmf-dist/tex/latex/pgf/systemlayer/pgfsys.sty
(/usr/share/texlive/texmf-dist/tex/latex/pgf/utilities/pgfrcs.sty
(/usr/share/texlive/texmf-dist/tex/generic/pgf/utilities/pgfutil-common.tex
\pgfutil@everybye=\toks29
\pgfutil@tempdima=\dimen155
\pgfutil@tempdimb=\dimen156

(/usr/share/texlive/texmf-dist/tex/generic/pgf/utilities/pgfutil-common-lists.t
ex)) (/usr/share/texlive/texmf-dist/tex/generic/pgf/utilities/pgfutil-latex.def
\pgfutil@abb=\box59
) (/usr/share/texlive/texmf-dist/tex/generic/pgf/utilities/pgfrcs.code.tex
(/usr/share/texlive/texmf-dist/tex/generic/pgf/pgf.revision.tex)
Package: pgfrcs 2021/05/15 v3.1.9a (3.1.9a)
))
(/usr/share/texlive/texmf-dist/tex/generic/pgf/systemlayer/pgfsys.code.tex
Package: pgfsys 2021/05/15 v3.1.9a (3.1.9a)

(/usr/share/texlive/texmf-dist/tex/generic/pgf/utilities/pgfkeys.code.tex
\pgfkeys@pathtoks=\toks30
\pgfkeys@temptoks=\toks31

(/usr/share/texlive/texmf-dist/tex/generic/pgf/utilities/pgfkeysfiltered.code.t
ex
\pgfkeys@tmptoks=\toks32
))
\pgf@x=\dimen157
\pgf@y=\dimen158
\pgf@xa=\dimen159
\pgf@ya=\dimen160
\pgf@xb=\dimen161
\pgf@yb=\dimen162
\pgf@xc=\dimen163
\pgf@yc=\dimen164
\pgf@xd=\dimen165
\pgf@yd=\dimen166
\w@pgf@writea=\write3
\r@pgf@reada=\read3
\c@pgf@counta=\count280
\c@pgf@countb=\count281
\c@pgf@countc=\count282
\c@pgf@countd=\count283
\t@pgf@toka=\toks33
\t@pgf@tokb=\toks34
\t@pgf@tokc=\toks35
\pgf@sys@id@count=\count284
 (/usr/share/texlive/texmf-dist/tex/generic/pgf/systemlayer/pgf.cfg
File: pgf.cfg 2021/05/15 v3.1.9a (3.1.9a)
)
Driver file for pgf: pgfsys-xetex.def

(/usr/share/texlive/texmf-dist/tex/generic/pgf/systemlayer/pgfsys-xetex.def
File: pgfsys-xetex.def 2021/05/15 v3.1.9a (3.1.9a)

(/usr/share/texlive/texmf-dist/tex/generic/pgf/systemlayer/pgfsys-dvipdfmx.def
File: pgfsys-dvipdfmx.def 2021/05/15 v3.1.9a (3.1.9a)

(/usr/share/texlive/texmf-dist/tex/generic/pgf/systemlayer/pgfsys-common-pdf.de
f
File: pgfsys-common-pdf.def 2021/05/15 v3.1.9a (3.1.9a)
)
\pgfsys@objnum=\count285
)))
(/usr/share/texlive/texmf-dist/tex/generic/pgf/systemlayer/pgfsyssoftpath.code.
tex
File: pgfsyssoftpath.code.tex 2021/05/15 v3.1.9a (3.1.9a)
\pgfsyssoftpath@smallbuffer@items=\count286
\pgfsyssoftpath@bigbuffer@items=\count287
)
(/usr/share/texlive/texmf-dist/tex/generic/pgf/systemlayer/pgfsysprotocol.code.
tex
File: pgfsysprotocol.code.tex 2021/05/15 v3.1.9a (3.1.9a)
)) (/usr/share/texlive/texmf-dist/tex/latex/varwidth/varwidth.sty
Package: varwidth 2009/03/30 ver 0.92;  Variable-width minipages
\@vwid@box=\box60
\sift@deathcycles=\count288
\@vwid@loff=\dimen167
\@vwid@roff=\dimen168
)
(/usr/share/texlive/texmf-dist/tex/latex/moreverb/moreverb.sty
Package: moreverb 2008/06/03 v2.3a `more' verbatim facilities
\tab@position=\count289
\tab@size=\count290
\listing@line=\count291
)
(/usr/share/texlive/texmf-dist/tex/latex/relsize/relsize.sty
Package: relsize 2013/03/29 ver 4.1
)
(/usr/share/texlive/texmf-dist/tex/latex/tabto-ltx/tabto.sty
Package: tabto 2018/12/28  v 1.4  Another tabbing mechanism
\CurrentLineWidth=\dimen169
\TabPrevPos=\dimen170
)
(/usr/share/texlive/texmf-dist/tex/latex/geometry/geometry.sty
Package: geometry 2020/01/02 v5.9 Page Geometry

(/usr/share/texlive/texmf-dist/tex/generic/iftex/ifvtex.sty
Package: ifvtex 2019/10/25 v1.7 ifvtex legacy package. Use iftex instead.
)
\Gm@cnth=\count292
\Gm@cntv=\count293
\c@Gm@tempcnt=\count294
\Gm@bindingoffset=\dimen171
\Gm@wd@mp=\dimen172
\Gm@odd@mp=\dimen173
\Gm@even@mp=\dimen174
\Gm@layoutwidth=\dimen175
\Gm@layoutheight=\dimen176
\Gm@layouthoffset=\dimen177
\Gm@layoutvoffset=\dimen178
\Gm@dimlist=\toks36
)
(/usr/share/texlive/texmf-dist/tex/generic/ulem/ulem.sty
\UL@box=\box61
\UL@hyphenbox=\box62
\UL@skip=\skip53
\UL@hook=\toks37
\UL@height=\dimen179
\UL@pe=\count295
\UL@pixel=\dimen180
\ULC@box=\box63
Package: ulem 2019/11/18
\ULdepth=\dimen181
)
(/usr/share/texlive/texmf-dist/tex/latex/units/units.sty
Package: units 1998/08/04 v0.9b Typesetting units

(/usr/share/texlive/texmf-dist/tex/latex/base/ifthen.sty
Package: ifthen 2020/11/24 v1.1c Standard LaTeX ifthen package (DPC)
)
(/usr/share/texlive/texmf-dist/tex/latex/units/nicefrac.sty
Package: nicefrac 1998/08/04 v0.9b Nice fractions
\L@UnitsRaiseDisplaystyle=\skip54
\L@UnitsRaiseTextstyle=\skip55
\L@UnitsRaiseScriptstyle=\skip56
))
(/usr/share/texlive/texmf-dist/tex/latex/fancyvrb/fancyvrb.sty
Package: fancyvrb 2021/12/21 4.1b verbatim text (tvz,hv)
\FV@CodeLineNo=\count296
\FV@InFile=\read4
\FV@TabBox=\box64
\c@FancyVerbLine=\count297
\FV@StepNumber=\count298
\FV@OutFile=\write4
)
(/usr/share/texlive/texmf-dist/tex/latex/fontspec/fontspec.sty
(/usr/share/texlive/texmf-dist/tex/latex/l3packages/xparse/xparse.sty
(/usr/share/texlive/texmf-dist/tex/latex/l3kernel/expl3.sty
Package: expl3 2022-01-21 L3 programming layer (loader) 

(/usr/share/texlive/texmf-dist/tex/latex/l3backend/l3backend-xetex.def
File: l3backend-xetex.def 2022-01-12 L3 backend support: XeTeX

(|extractbb --version)
\c__kernel_sys_dvipdfmx_version_int=\count299
\l__color_backend_stack_int=\count300
\g__color_backend_stack_int=\count301
\g__graphics_track_int=\count302
\l__pdf_internal_box=\box65
\g__pdf_backend_object_int=\count303
\g__pdf_backend_annotation_int=\count304
\g__pdf_backend_link_int=\count305
))
Package: xparse 2022-01-12 L3 Experimental document command parser
)
Package: fontspec 2022/01/15 v2.8a Font selection for XeLaTeX and LuaLaTeX

(/usr/share/texlive/texmf-dist/tex/latex/fontspec/fontspec-xetex.sty
Package: fontspec-xetex 2022/01/15 v2.8a Font selection for XeLaTeX and LuaLaTe
X
\l__fontspec_script_int=\count306
\l__fontspec_language_int=\count307
\l__fontspec_strnum_int=\count308
\l__fontspec_tmp_int=\count309
\l__fontspec_tmpa_int=\count310
\l__fontspec_tmpb_int=\count311
\l__fontspec_tmpc_int=\count312
\l__fontspec_em_int=\count313
\l__fontspec_emdef_int=\count314
\l__fontspec_strong_int=\count315
\l__fontspec_strongdef_int=\count316
\l__fontspec_tmpa_dim=\dimen182
\l__fontspec_tmpb_dim=\dimen183
\l__fontspec_tmpc_dim=\dimen184

(/usr/share/texlive/texmf-dist/tex/latex/base/fontenc.sty
Package: fontenc 2021/04/29 v2.0v Standard LaTeX package
)
(/usr/share/texlive/texmf-dist/tex/latex/fontspec/fontspec.cfg)))
(/usr/share/texlive/texmf-dist/tex/latex/amsfonts/amsfonts.sty
Package: amsfonts 2013/01/14 v3.01 Basic AMSFonts support
\symAMSa=\mathgroup4
\symAMSb=\mathgroup5
LaTeX Font Info:    Redeclaring math symbol \hbar on input line 98.
LaTeX Font Info:    Overwriting math alphabet `\mathfrak' in version `bold'
(Font)                  U/euf/m/n --> U/euf/b/n on input line 106.
)
(/usr/share/texlive/texmf-dist/tex/latex/amsfonts/amssymb.sty
Package: amssymb 2013/01/14 v3.01 AMS font symbols
)
(/usr/share/texlive/texmf-dist/tex/latex/hyperref/hyperref.sty
Package: hyperref 2021-06-07 v7.00m Hypertext links for LaTeX

(/usr/share/texlive/texmf-dist/tex/generic/kvsetkeys/kvsetkeys.sty
Package: kvsetkeys 2019/12/15 v1.18 Key value parser (HO)
)
(/usr/share/texlive/texmf-dist/tex/generic/kvdefinekeys/kvdefinekeys.sty
Package: kvdefinekeys 2019-12-19 v1.6 Define keys (HO)
)
(/usr/share/texlive/texmf-dist/tex/generic/pdfescape/pdfescape.sty
Package: pdfescape 2019/12/09 v1.15 Implements pdfTeX's escape features (HO)
)
(/usr/share/texlive/texmf-dist/tex/latex/hycolor/hycolor.sty
Package: hycolor 2020-01-27 v1.10 Color options for hyperref/bookmark (HO)
)
(/usr/share/texlive/texmf-dist/tex/latex/letltxmacro/letltxmacro.sty
Package: letltxmacro 2019/12/03 v1.6 Let assignment for LaTeX macros (HO)
)
(/usr/share/texlive/texmf-dist/tex/latex/auxhook/auxhook.sty
Package: auxhook 2019-12-17 v1.6 Hooks for auxiliary files (HO)
)
(/usr/share/texlive/texmf-dist/tex/latex/kvoptions/kvoptions.sty
Package: kvoptions 2020-10-07 v3.14 Key value format for package options (HO)
)
\@linkdim=\dimen185
\Hy@linkcounter=\count317
\Hy@pagecounter=\count318

(/usr/share/texlive/texmf-dist/tex/latex/hyperref/pd1enc.def
File: pd1enc.def 2021-06-07 v7.00m Hyperref: PDFDocEncoding definition (HO)
)
(/usr/share/texlive/texmf-dist/tex/latex/hyperref/hyperref-langpatches.def
File: hyperref-langpatches.def 2021-06-07 v7.00m Hyperref: patches for babel la
nguages
)
(/usr/share/texlive/texmf-dist/tex/generic/intcalc/intcalc.sty
Package: intcalc 2019/12/15 v1.3 Expandable calculations with integers (HO)
)
(/usr/share/texlive/texmf-dist/tex/generic/etexcmds/etexcmds.sty
Package: etexcmds 2019/12/15 v1.7 Avoid name clashes with e-TeX commands (HO)
)
\Hy@SavedSpaceFactor=\count319

(/usr/share/texlive/texmf-dist/tex/latex/hyperref/puenc.def
File: puenc.def 2021-06-07 v7.00m Hyperref: PDF Unicode definition (HO)
)
Package hyperref Info: Hyper figures OFF on input line 4192.
Package hyperref Info: Link nesting OFF on input line 4197.
Package hyperref Info: Hyper index ON on input line 4200.
Package hyperref Info: Plain pages OFF on input line 4207.
Package hyperref Info: Backreferencing OFF on input line 4212.
Package hyperref Info: Implicit mode ON; LaTeX internals redefined.
Package hyperref Info: Bookmarks ON on input line 4445.
\c@Hy@tempcnt=\count320

(/usr/share/texlive/texmf-dist/tex/latex/url/url.sty
\Urlmuskip=\muskip17
Package: url 2013/09/16  ver 3.4  Verb mode for urls, etc.
)
LaTeX Info: Redefining \url on input line 4804.
\XeTeXLinkMargin=\dimen186

(/usr/share/texlive/texmf-dist/tex/generic/bitset/bitset.sty
Package: bitset 2019/12/09 v1.3 Handle bit-vector datatype (HO)

(/usr/share/texlive/texmf-dist/tex/generic/bigintcalc/bigintcalc.sty
Package: bigintcalc 2019/12/15 v1.5 Expandable calculations on big integers (HO
)
))
\Fld@menulength=\count321
\Field@Width=\dimen187
\Fld@charsize=\dimen188
Package hyperref Info: Hyper figures OFF on input line 6076.
Package hyperref Info: Link nesting OFF on input line 6081.
Package hyperref Info: Hyper index ON on input line 6084.
Package hyperref Info: backreferencing OFF on input line 6091.
Package hyperref Info: Link coloring OFF on input line 6096.
Package hyperref Info: Link coloring with OCG OFF on input line 6101.
Package hyperref Info: PDF/A mode OFF on input line 6106.
LaTeX Info: Redefining \ref on input line 6146.
LaTeX Info: Redefining \pageref on input line 6150.

(/usr/share/texlive/texmf-dist/tex/latex/base/atbegshi-ltx.sty
Package: atbegshi-ltx 2021/01/10 v1.0c Emulation of the original atbegshi
package with kernel methods
)
\Hy@abspage=\count322
\c@Item=\count323
\c@Hfootnote=\count324
)
Package hyperref Info: Driver (autodetected): hxetex.

(/usr/share/texlive/texmf-dist/tex/latex/hyperref/hxetex.def
File: hxetex.def 2021-06-07 v7.00m Hyperref driver for XeTeX

(/usr/share/texlive/texmf-dist/tex/generic/stringenc/stringenc.sty
Package: stringenc 2019/11/29 v1.12 Convert strings between diff. encodings (HO
)
)
\pdfm@box=\box66
\c@Hy@AnnotLevel=\count325
\HyField@AnnotCount=\count326
\Fld@listcount=\count327
\c@bookmark@seq@number=\count328

(/usr/share/texlive/texmf-dist/tex/latex/rerunfilecheck/rerunfilecheck.sty
Package: rerunfilecheck 2019/12/05 v1.9 Rerun checks for auxiliary files (HO)

(/usr/share/texlive/texmf-dist/tex/latex/base/atveryend-ltx.sty
Package: atveryend-ltx 2020/08/19 v1.0a Emulation of the original atveryend pac
kage
with kernel methods
)
(/usr/share/texlive/texmf-dist/tex/generic/uniquecounter/uniquecounter.sty
Package: uniquecounter 2019/12/15 v1.4 Provide unlimited unique counter (HO)
)
Package uniquecounter Info: New unique counter `rerunfilecheck' on input line 2
86.
)
\Hy@SectionHShift=\skip57
)
Package hyperref Info: Option `colorlinks' set `true' on input line 82.
)

Package fontspec Info: Font family 'MinionPro(0)' created for font 'Minion
(fontspec)             Pro' with options [Ligatures=TeX].
(fontspec)              
(fontspec)              This font family consists of the following NFSS
(fontspec)             series/shapes:
(fontspec)              
(fontspec)             - 'normal' (m/n) with NFSS spec.: <->"Minion
(fontspec)             Pro/OT:script=latn;language=dflt;mapping=tex-text;"
(fontspec)             - 'small caps'  (m/sc) with NFSS spec.: <->"Minion
(fontspec)             Pro/OT:script=latn;language=dflt;+smcp;mapping=tex-text;
"
(fontspec)             - 'bold' (b/n) with NFSS spec.: <->"Minion
(fontspec)             Pro/B/OT:script=latn;language=dflt;mapping=tex-text;"
(fontspec)             - 'bold small caps'  (b/sc) with NFSS spec.: <->"Minion
(fontspec)             Pro/B/OT:script=latn;language=dflt;+smcp;mapping=tex-tex
t;"
(fontspec)             - 'italic' (m/it) with NFSS spec.: <->"Minion
(fontspec)             Pro/I/OT:script=latn;language=dflt;mapping=tex-text;"
(fontspec)             - 'italic small caps'  (m/scit) with NFSS spec.:
(fontspec)             <->"Minion
(fontspec)             Pro/I/OT:script=latn;language=dflt;+smcp;mapping=tex-tex
t;"
(fontspec)             - 'bold italic' (b/it) with NFSS spec.: <->"Minion
(fontspec)             Pro/BI/OT:script=latn;language=dflt;mapping=tex-text;"
(fontspec)             - 'bold italic small caps'  (b/scit) with NFSS spec.:
(fontspec)             <->"Minion
(fontspec)             Pro/BI/OT:script=latn;language=dflt;+smcp;mapping=tex-te
xt;"


(./main.aux)
\openout1 = `main.aux'.

LaTeX Font Info:    Checking defaults for OML/cmm/m/it on input line 22.
LaTeX Font Info:    ... okay on input line 22.
LaTeX Font Info:    Checking defaults for OMS/cmsy/m/n on input line 22.
LaTeX Font Info:    ... okay on input line 22.
LaTeX Font Info:    Checking defaults for OT1/cmr/m/n on input line 22.
LaTeX Font Info:    ... okay on input line 22.
LaTeX Font Info:    Checking defaults for T1/cmr/m/n on input line 22.
LaTeX Font Info:    ... okay on input line 22.
LaTeX Font Info:    Checking defaults for TS1/cmr/m/n on input line 22.
LaTeX Font Info:    Trying to load font information for TS1+cmr on input line 2
2.
 (/usr/share/texlive/texmf-dist/tex/latex/base/ts1cmr.fd
File: ts1cmr.fd 2019/12/16 v2.5j Standard LaTeX font definitions
)
LaTeX Font Info:    ... okay on input line 22.
LaTeX Font Info:    Checking defaults for TU/lmr/m/n on input line 22.
LaTeX Font Info:    ... okay on input line 22.
LaTeX Font Info:    Checking defaults for OMX/cmex/m/n on input line 22.
LaTeX Font Info:    ... okay on input line 22.
LaTeX Font Info:    Checking defaults for U/cmr/m/n on input line 22.
LaTeX Font Info:    ... okay on input line 22.
LaTeX Font Info:    Checking defaults for PD1/pdf/m/n on input line 22.
LaTeX Font Info:    ... okay on input line 22.
LaTeX Font Info:    Checking defaults for PU/pdf/m/n on input line 22.
LaTeX Font Info:    ... okay on input line 22.
\c@lstlisting=\count329

*geometry* driver: auto-detecting
*geometry* detected driver: xetex
*geometry* verbose mode - [ preamble ] result:
* driver: xetex
* paper: a4paper
* layout: <same size as paper>
* layoutoffset:(h,v)=(0.0pt,0.0pt)
* modes: 
* h-part:(L,W,R)=(72.26999pt, 452.9679pt, 72.26999pt)
* v-part:(T,H,B)=(72.26999pt, 700.50687pt, 72.26999pt)
* \paperwidth=597.50787pt
* \paperheight=845.04684pt
* \textwidth=452.9679pt
* \textheight=700.50687pt
* \oddsidemargin=0.0pt
* \evensidemargin=0.0pt
* \topmargin=-37.0pt
* \headheight=12.0pt
* \headsep=25.0pt
* \topskip=12.0pt
* \footskip=30.0pt
* \marginparwidth=35.0pt
* \marginparsep=10.0pt
* \columnsep=10.0pt
* \skip\footins=10.8pt plus 4.0pt minus 2.0pt
* \hoffset=0.0pt
* \voffset=0.0pt
* \mag=1000
* \@twocolumnfalse
* \@twosidefalse
* \@mparswitchfalse
* \@reversemarginfalse
* (1in=72.27pt=25.4mm, 1cm=28.453pt)


Package fontspec Info: Adjusting the maths setup (use [no-math] to avoid
(fontspec)             this).

\symlegacymaths=\mathgroup6
LaTeX Font Info:    Overwriting symbol font `legacymaths' in version `bold'
(Font)                  OT1/cmr/m/n --> OT1/cmr/bx/n on input line 22.
LaTeX Font Info:    Redeclaring math accent \acute on input line 22.
LaTeX Font Info:    Redeclaring math accent \grave on input line 22.
LaTeX Font Info:    Redeclaring math accent \ddot on input line 22.
LaTeX Font Info:    Redeclaring math accent \tilde on input line 22.
LaTeX Font Info:    Redeclaring math accent \bar on input line 22.
LaTeX Font Info:    Redeclaring math accent \breve on input line 22.
LaTeX Font Info:    Redeclaring math accent \check on input line 22.
LaTeX Font Info:    Redeclaring math accent \hat on input line 22.
LaTeX Font Info:    Redeclaring math accent \dot on input line 22.
LaTeX Font Info:    Redeclaring math accent \mathring on input line 22.
LaTeX Font Info:    Redeclaring math symbol \Gamma on input line 22.
LaTeX Font Info:    Redeclaring math symbol \Delta on input line 22.
LaTeX Font Info:    Redeclaring math symbol \Theta on input line 22.
LaTeX Font Info:    Redeclaring math symbol \Lambda on input line 22.
LaTeX Font Info:    Redeclaring math symbol \Xi on input line 22.
LaTeX Font Info:    Redeclaring math symbol \Pi on input line 22.
LaTeX Font Info:    Redeclaring math symbol \Sigma on input line 22.
LaTeX Font Info:    Redeclaring math symbol \Upsilon on input line 22.
LaTeX Font Info:    Redeclaring math symbol \Phi on input line 22.
LaTeX Font Info:    Redeclaring math symbol \Psi on input line 22.
LaTeX Font Info:    Redeclaring math symbol \Omega on input line 22.
LaTeX Font Info:    Redeclaring math symbol \mathdollar on input line 22.
LaTeX Font Info:    Redeclaring symbol font `operators' on input line 22.
LaTeX Font Info:    Encoding `OT1' has changed to `TU' for symbol font
(Font)              `operators' in the math version `normal' on input line 22.
LaTeX Font Info:    Overwriting symbol font `operators' in version `normal'
(Font)                  OT1/cmr/m/n --> TU/MinionPro(0)/m/n on input line 22.
LaTeX Font Info:    Encoding `OT1' has changed to `TU' for symbol font
(Font)              `operators' in the math version `bold' on input line 22.
LaTeX Font Info:    Overwriting symbol font `operators' in version `bold'
(Font)                  OT1/cmr/bx/n --> TU/MinionPro(0)/m/n on input line 22.
LaTeX Font Info:    Overwriting symbol font `operators' in version `normal'
(Font)                  TU/MinionPro(0)/m/n --> TU/MinionPro(0)/m/n on input li
ne 22.
LaTeX Font Info:    Overwriting math alphabet `\mathit' in version `normal'
(Font)                  OT1/cmr/m/it --> TU/MinionPro(0)/m/it on input line 22.

LaTeX Font Info:    Overwriting math alphabet `\mathbf' in version `normal'
(Font)                  OT1/cmr/bx/n --> TU/MinionPro(0)/b/n on input line 22.
LaTeX Font Info:    Overwriting math alphabet `\mathsf' in version `normal'
(Font)                  OT1/cmss/m/n --> TU/lmss/m/n on input line 22.
LaTeX Font Info:    Overwriting math alphabet `\mathtt' in version `normal'
(Font)                  OT1/cmtt/m/n --> TU/lmtt/m/n on input line 22.
LaTeX Font Info:    Overwriting symbol font `operators' in version `bold'
(Font)                  TU/MinionPro(0)/m/n --> TU/MinionPro(0)/b/n on input li
ne 22.
LaTeX Font Info:    Overwriting math alphabet `\mathit' in version `bold'
(Font)                  OT1/cmr/bx/it --> TU/MinionPro(0)/b/it on input line 22
.
LaTeX Font Info:    Overwriting math alphabet `\mathsf' in version `bold'
(Font)                  OT1/cmss/bx/n --> TU/lmss/b/n on input line 22.
LaTeX Font Info:    Overwriting math alphabet `\mathtt' in version `bold'
(Font)                  OT1/cmtt/m/n --> TU/lmtt/b/n on input line 22.
Package hyperref Info: Link coloring ON on input line 22.
(/usr/share/texlive/texmf-dist/tex/latex/hyperref/nameref.sty
Package: nameref 2021-04-02 v2.47 Cross-referencing by name of section

(/usr/share/texlive/texmf-dist/tex/latex/refcount/refcount.sty
Package: refcount 2019/12/15 v3.6 Data extraction from label references (HO)
)
(/usr/share/texlive/texmf-dist/tex/generic/gettitlestring/gettitlestring.sty
Package: gettitlestring 2019/12/15 v1.6 Cleanup title references (HO)
)
\c@section@level=\count330
)
LaTeX Info: Redefining \ref on input line 22.
LaTeX Info: Redefining \pageref on input line 22.
LaTeX Info: Redefining \nameref on input line 22.

(./main.out) (./main.out)
\@outlinefile=\write5
\openout5 = `main.out'.

LaTeX Font Info:    Trying to load font information for U+msa on input line 25.


(/usr/share/texlive/texmf-dist/tex/latex/amsfonts/umsa.fd
File: umsa.fd 2013/01/14 v3.01 AMS symbols A
)
LaTeX Font Info:    Trying to load font information for U+msb on input line 25.


(/usr/share/texlive/texmf-dist/tex/latex/amsfonts/umsb.fd
File: umsb.fd 2013/01/14 v3.01 AMS symbols B
)
Overfull \hbox (10.18425pt too wide) in paragraph at lines 27--29
\TU/MinionPro(0)/m/n/12 Σκοπός της 3ης εργαστηριακής άσκησης είναι η χρήση DNNs
 (βιβλιοθήκη PyTorch) και pretrained
 []


Overfull \hbox (13.66718pt too wide) in paragraph at lines 27--29
\TU/MinionPro(0)/m/n/12 word embeddings για ανάλυση συναισθήματος σε προτάσεις.
 Τόσο για την προπαρασκευή, όσο και
 []


Overfull \hbox (19.08156pt too wide) in paragraph at lines 27--29
\TU/MinionPro(0)/m/n/12 για την υπόλοιπη άσκηση χρησιμοποιήσαμε τα [][]\TU/lmtt
/m/n/12 glove.6B.50d []\TU/MinionPro(0)/m/n/12 embeddings. Για την προπαρασκευή
,
 []


Overfull \hbox (28.49133pt too wide) in paragraph at lines 27--29
\TU/MinionPro(0)/m/n/12 χρησιμοποιήθηκαν τα datasets [][]\TU/lmtt/m/n/12 MR []\
TU/MinionPro(0)/m/n/12 και [][]\TU/lmtt/m/n/12 Semeval2017A[]\TU/MinionPro(0)/m
/n/12 , ενώ για την υπόλοιπη άσκηση χρησιμοποιήθηκε
 []


Overfull \hbox (36.68626pt too wide) in paragraph at lines 27--29
\TU/MinionPro(0)/b/n/12 Σημείωση: \TU/MinionPro(0)/m/n/12 Το script [][]\TU/lmt
t/m/n/12 main.py []\TU/MinionPro(0)/m/n/12 πρέπει να εκτελεστεί από το base dir
ectory του (δηλαδή μέσω της εντολής
 []

[1

]
Overfull \hbox (13.9562pt too wide) in paragraph at lines 70--71
\TU/MinionPro(0)/m/n/12 Εδώ εκτελούμε το απαραίτητο tokenization κατά την αρχικ
οποίηση της κλάσης [][]\TU/lmtt/m/n/12 SentenceDataset
 []


Overfull \hbox (15.80956pt too wide) in paragraph at lines 70--71
[]\TU/MinionPro(0)/m/n/12 και αποθηκεύουμε το αποτέλεσμα στη μεταβλητή [][]\TU/
lmtt/m/n/12 self.data[]\TU/MinionPro(0)/m/n/12 . Συμπληρώνουμε λοιπόν τα κενά σ
τη
 []


Overfull \hbox (4.89752pt too wide) in paragraph at lines 70--71
\TU/MinionPro(0)/m/n/12 θέση [][]\TU/lmtt/m/n/12 dataloading.py:EX2[]\TU/Minion
Pro(0)/m/n/12 . Για το tokenization χρησιμοποιούμε την [][]\TU/lmtt/m/n/12 nltk
.word_tokenize()[]\TU/MinionPro(0)/m/n/12 .
 []

File: "data/2-mr.txt"  (verbatim)

Overfull \hbox (34.3519pt too wide) in paragraph at lines 74--74
 []    \TU/lmtt/m/n/12 'the', 'rock', 'is', 'destined', 'to', 'be', 'the', '21s
t', 'century',[] 
 []


Overfull \hbox (28.17184pt too wide) in paragraph at lines 74--74
 []    \TU/lmtt/m/n/12 "'s", 'new', '``', 'conan', '``', 'and', 'that', 'he', "
's", 'going',[] 
 []


Overfull \hbox (3.45189pt too wide) in paragraph at lines 74--74
 []    \TU/lmtt/m/n/12 'to', 'make', 'a', 'splash', 'even', 'greater', 'than', 
'arnold',[] 
 []


Overfull \hbox (21.99191pt too wide) in paragraph at lines 74--74
 []    \TU/lmtt/m/n/12 'schwarzenegger', ',', 'jean-claud', 'van', 'damme', 'or
', 'steven',[] 
 []


Overfull \hbox (21.99193pt too wide) in paragraph at lines 74--74
 []    \TU/lmtt/m/n/12 'the', 'gorgeously', 'elaborate', 'continuation', 'of', 
'``', 'the',[] 
 []


Overfull \hbox (9.63188pt too wide) in paragraph at lines 74--74
 []    \TU/lmtt/m/n/12 'lord', 'of', 'the', 'rings', '``', 'trilogy', 'is', 'so
', 'huge',[] 
 []


Overfull \hbox (3.45192pt too wide) in paragraph at lines 74--74
 []    \TU/lmtt/m/n/12 'that', 'a', 'column', 'of', 'words', 'can', 'not', 'ade
quately',[] 
 []


Overfull \hbox (21.99187pt too wide) in paragraph at lines 74--74
 []    \TU/lmtt/m/n/12 'expanded', 'vision', 'of', 'j', '.', 'r', '.', 'r', '.'
, 'tolkien',[] 
 []


Overfull \hbox (21.99191pt too wide) in paragraph at lines 74--74
 []    \TU/lmtt/m/n/12 'if', 'you', 'sometimes', 'like', 'to', 'go', 'to', 'the
', 'movies',[] 
 []


Overfull \hbox (28.17186pt too wide) in paragraph at lines 74--74
 []    \TU/lmtt/m/n/12 'to', 'have', 'fun', ',', 'wasabi', 'is', 'a', 'good', '
place', 'to',[] 
 []

[2]
Overfull \hbox (9.63191pt too wide) in paragraph at lines 74--74
 []    \TU/lmtt/m/n/12 'emerges', 'as', 'something', 'rare', ',', 'an', 'issue'
, 'movie',[] 
 []


Overfull \hbox (9.6319pt too wide) in paragraph at lines 74--74
 []    \TU/lmtt/m/n/12 'that', "'s", 'so', 'honest', 'and', 'keenly', 'observed
', 'that',[] 
 []


Overfull \hbox (28.17189pt too wide) in paragraph at lines 74--74
 []    \TU/lmtt/m/n/12 'the', 'film', 'provides', 'some', 'great', 'insight', '
into', 'the',[] 
 []


Overfull \hbox (21.99188pt too wide) in paragraph at lines 74--74
 []    \TU/lmtt/m/n/12 'neurotic', 'mindset', 'of', 'all', 'comics', '--', 'eve
n', 'those',[] 
 []


Overfull \hbox (3.4519pt too wide) in paragraph at lines 74--74
 []    \TU/lmtt/m/n/12 'literally', 'showed', 'that', 'the', 'road', 'to', 'hel
l', 'is',[] 
 []


Overfull \hbox (3.4519pt too wide) in paragraph at lines 74--74
 []    \TU/lmtt/m/n/12 'take', 'care', 'of', 'my', 'cat', 'offers', 'a', 'refre
shingly',[] 
 []

File: "data/2-semeval.txt"  (verbatim)

Overfull \hbox (21.99187pt too wide) in paragraph at lines 77--77
 []    \TU/lmtt/m/n/12 '05', 'Beat', 'it', '-', 'Michael', 'Jackson', '-', 'Thr
iller', '(',[] 
 []


Overfull \hbox (15.81189pt too wide) in paragraph at lines 77--77
 []    \TU/lmtt/m/n/12 '25th', 'Anniversary', 'Edition', ')', '[', 'HD', ']', '
http', ':',[] 
 []


Overfull \hbox (40.53192pt too wide) in paragraph at lines 77--77
 []    \TU/lmtt/m/n/12 'Jay', 'Z', 'joins', 'Instagram', 'with', 'nostalgic', '
tribute', 'to',[] 
 []

[3]
Overfull \hbox (15.81194pt too wide) in paragraph at lines 77--77
 []    \TU/lmtt/m/n/12 'Michael', 'Jackson', ':', 'Bad', '25th', 'Anniversary',
 'Edition',[] 
 []


Overfull \hbox (3.45189pt too wide) in paragraph at lines 77--77
 []    \TU/lmtt/m/n/12 'disc', 'vinyl', 'includes', 'the', 'original', '1', 'ht
tp', ':',[] 
 []


Overfull \hbox (28.17189pt too wide) in paragraph at lines 77--77
 []    \TU/lmtt/m/n/12 'Michael', 'Jackson', 'sing', 'was', 'in', 'Honolulu', '
,', 'Hawaii',[] 
 []


Overfull \hbox (34.3519pt too wide) in paragraph at lines 77--77
 []    \TU/lmtt/m/n/12 '@', 'a', 'restaurant', 'on', 'radio', '.', 'It', 'was',
 'A.B.C', '.',[] 
 []


Overfull \hbox (28.15991pt too wide) in paragraph at lines 77--77
 []    \TU/lmtt/m/n/12 "'Michael", 'Jackson', "'", 'appeared', 'on', 'Saturday'
, '29', 'at',[] 
 []


Overfull \hbox (3.43993pt too wide) in paragraph at lines 77--77
 []    \TU/lmtt/m/n/12 'the', '9th', 'place', 'in', 'the', 'Top20', 'of', 'Miam
i', "'s",[] 
 []


Overfull \hbox (34.35191pt too wide) in paragraph at lines 77--77
 []    \TU/lmtt/m/n/12 'Are', 'you', 'old', 'enough', 'to', 'remember', 'Michae
l', 'Jackson',[] 
 []


Overfull \hbox (9.63193pt too wide) in paragraph at lines 77--77
 []    \TU/lmtt/m/n/12 'attending', 'the', 'Grammys', 'with', 'Brooke', 'Shield
s', 'and',[] 
 []


Overfull \hbox (9.6319pt too wide) in paragraph at lines 77--77
 []    \TU/lmtt/m/n/12 'Webster', 'sat', 'on', 'his', 'lap', 'during', 'the', '
show', '?'[] 
 []


Overfull \hbox (28.17189pt too wide) in paragraph at lines 77--77
 []    \TU/lmtt/m/n/12 '@', 'etbowser', 'do', 'u', 'enjoy', 'his', '2nd', 'rate
', 'Michael',[] 
 []


Overfull \hbox (9.63188pt too wide) in paragraph at lines 77--77
 []    \TU/lmtt/m/n/12 'Jackson', 'bit', '?', 'Honest', 'ques', '.', 'Like', 't
he', 'ca',[] 
 []

[4]
Overfull \hbox (28.1719pt too wide) in paragraph at lines 77--77
 []    \TU/lmtt/m/n/12 'The', 'Weeknd', 'is', 'the', 'closest', 'thing', 'we', 
'may', 'get',[] 
 []


Overfull \hbox (15.81195pt too wide) in paragraph at lines 77--77
 []    \TU/lmtt/m/n/12 'especially', 'since', 'he', 'damn', 'near', 'mimics', '
everything'[] 
 []


Overfull \hbox (30.46318pt too wide) in paragraph at lines 86--87
[][]\TU/lmtt/m/n/12 load_word_vectors()[]\TU/MinionPro(0)/m/n/12 . Αν ένας όρος
 δεν υπάρχει στο dictionary αυτό, τότε τον αντιστοιχούμε
 []


Overfull \hbox (25.17783pt too wide) in paragraph at lines 87--88
\TU/MinionPro(0)/m/n/12 μήκος για τις προτάσεις, οπότε εκτελούμε truncation ή z
ero-padding αν οι προτάσεις είναι πολύ
 []


Overfull \hbox (28.1712pt too wide) in paragraph at lines 87--88
\TU/MinionPro(0)/m/n/12 μεγάλες ή πολύ μικρές αντίστοιχα. Επιλέξαμε την τιμή 45
, και με χρήση του script [][]\TU/lmtt/m/n/12 coverage.py
 []


Overfull \hbox (42.81947pt too wide) in paragraph at lines 90--91
[]\TU/MinionPro(0)/m/n/12 Έτσι, συμπληρώνοντας τα κενά της θέσης [][]\TU/lmtt/m
/n/12 dataloading.py:EX3[]\TU/MinionPro(0)/m/n/12 , υλοποιούμε την μέθοδο [][]\
TU/lmtt/m/n/12 __getitem__
 []

File: "data/3-mr.txt"  (verbatim)

Overfull \hbox (34.3519pt too wide) in paragraph at lines 102--102
 []    \TU/lmtt/m/n/12 'the', 'rock', 'is', 'destined', 'to', 'be', 'the', '21s
t', 'century',[] 
 []


Overfull \hbox (28.17184pt too wide) in paragraph at lines 102--102
 []    \TU/lmtt/m/n/12 "'s", 'new', '``', 'conan', '``', 'and', 'that', 'he', "
's", 'going',[] 
 []


Overfull \hbox (3.45189pt too wide) in paragraph at lines 102--102
 []    \TU/lmtt/m/n/12 'to', 'make', 'a', 'splash', 'even', 'greater', 'than', 
'arnold',[] 
 []


Overfull \hbox (21.99191pt too wide) in paragraph at lines 102--102
 []    \TU/lmtt/m/n/12 'schwarzenegger', ',', 'jean-claud', 'van', 'damme', 'or
', 'steven',[] 
 []


Overfull \hbox (28.15973pt too wide) in paragraph at lines 102--102
 []         \TU/lmtt/m/n/12 1   1138     15  10454      5     31      1   5034 
   590     10[] 
 []


Overfull \hbox (28.12375pt too wide) in paragraph at lines 102--102
 []        \TU/lmtt/m/n/12 51     29  18513     29      6     13     19     10 
   223      5[] 
 []


Overfull \hbox (28.11182pt too wide) in paragraph at lines 102--102
 []       \TU/lmtt/m/n/12 160      8  16807    152   1414     74   5819   6681 
     2 400001[] 
 []


Overfull \hbox (28.13573pt too wide) in paragraph at lines 102--102
 []      \TU/lmtt/m/n/12 1462  43708     47   4412  26985      3      0      0 
     0      0[] 
 []

[5]
Overfull \hbox (21.99193pt too wide) in paragraph at lines 102--102
 []    \TU/lmtt/m/n/12 'the', 'gorgeously', 'elaborate', 'continuation', 'of', 
'``', 'the',[] 
 []


Overfull \hbox (9.63188pt too wide) in paragraph at lines 102--102
 []    \TU/lmtt/m/n/12 'lord', 'of', 'the', 'rings', '``', 'trilogy', 'is', 'so
', 'huge',[] 
 []


Overfull \hbox (3.45192pt too wide) in paragraph at lines 102--102
 []    \TU/lmtt/m/n/12 'that', 'a', 'column', 'of', 'words', 'can', 'not', 'ade
quately',[] 
 []


Overfull \hbox (21.99187pt too wide) in paragraph at lines 102--102
 []    \TU/lmtt/m/n/12 'expanded', 'vision', 'of', 'j', '.', 'r', '.', 'r', '.'
, 'tolkien',[] 
 []


Overfull \hbox (28.13573pt too wide) in paragraph at lines 102--102
 []         \TU/lmtt/m/n/12 1  78616   5135  10117      4     29      1   2371 
     4      1[] 
 []


Overfull \hbox (28.13579pt too wide) in paragraph at lines 102--102
 []      \TU/lmtt/m/n/12 6820     29  12305     15    101   1325     13      8 
  3236      4[] 
 []


Overfull \hbox (28.14786pt too wide) in paragraph at lines 102--102
 []      \TU/lmtt/m/n/12 1375     87     37  12424   4467 400001   1295   1755 
    10   2853[] 
 []


Overfull \hbox (28.09976pt too wide) in paragraph at lines 102--102
 []      \TU/lmtt/m/n/12 3139      4   6892      3   1912      3   1912      3 
 23463     10[] 
 []


Overfull \hbox (28.17169pt too wide) in paragraph at lines 102--102
 []      \TU/lmtt/m/n/12 2038     35 400001  34277      0      0      0      0 
     0      0[] 
 []


Overfull \hbox (28.17157pt too wide) in paragraph at lines 102--102
 []         \TU/lmtt/m/n/12 0      0      0      0      0      0      0      0 
     0      0[] 
 []


Overfull \hbox (28.17157pt too wide) in paragraph at lines 102--102
 []         \TU/lmtt/m/n/12 0      0      0      0      0      0      0      0 
     0      0[] 
 []


Overfull \hbox (28.17157pt too wide) in paragraph at lines 102--102
 []         \TU/lmtt/m/n/12 0      0      0      0      0      0      0      0 
     0      0[] 
 []


Overfull \hbox (21.99191pt too wide) in paragraph at lines 102--102
 []    \TU/lmtt/m/n/12 'if', 'you', 'sometimes', 'like', 'to', 'go', 'to', 'the
', 'movies',[] 
 []


Overfull \hbox (28.17186pt too wide) in paragraph at lines 102--102
 []    \TU/lmtt/m/n/12 'to', 'have', 'fun', ',', 'wasabi', 'is', 'a', 'good', '
place', 'to',[] 
 []


Overfull \hbox (28.15973pt too wide) in paragraph at lines 102--102
 []        \TU/lmtt/m/n/12 84     82   1072    118      5    243      5      1 
  2460      5[] 
 []

[6]
Overfull \hbox (28.09976pt too wide) in paragraph at lines 102--102
 []        \TU/lmtt/m/n/12 34   2906      2  66408     15      8    220    242 
     5    466[] 
 []


Overfull \hbox (28.17157pt too wide) in paragraph at lines 102--102
 []         \TU/lmtt/m/n/12 3      0      0      0      0      0      0      0 
     0      0[] 
 []


Overfull \hbox (28.17157pt too wide) in paragraph at lines 102--102
 []         \TU/lmtt/m/n/12 0      0      0      0      0      0      0      0 
     0      0[] 
 []


Overfull \hbox (9.63191pt too wide) in paragraph at lines 102--102
 []    \TU/lmtt/m/n/12 'emerges', 'as', 'something', 'rare', ',', 'an', 'issue'
, 'movie',[] 
 []


Overfull \hbox (9.6319pt too wide) in paragraph at lines 102--102
 []    \TU/lmtt/m/n/12 'that', "'s", 'so', 'honest', 'and', 'keenly', 'observed
', 'that',[] 
 []


Overfull \hbox (28.0878pt too wide) in paragraph at lines 102--102
 []     \TU/lmtt/m/n/12 12398     20    646   2349      2     30    496   1006 
    13     10[] 
 []


Overfull \hbox (28.0758pt too wide) in paragraph at lines 102--102
 []       \TU/lmtt/m/n/12 101   6082      6  23499   4583     13     21    261 
    71    999[] 
 []


Overfull \hbox (28.15962pt too wide) in paragraph at lines 102--102
 []       \TU/lmtt/m/n/12 118     49      3      0      0      0      0      0 
     0      0[] 
 []


Overfull \hbox (28.17157pt too wide) in paragraph at lines 102--102
 []         \TU/lmtt/m/n/12 0      0      0      0      0      0      0      0 
     0      0[] 
 []

File: "data/3-semeval.txt"  (verbatim)

Overfull \hbox (21.99187pt too wide) in paragraph at lines 105--105
 []    \TU/lmtt/m/n/12 '05', 'Beat', 'it', '-', 'Michael', 'Jackson', '-', 'Thr
iller', '(',[] 
 []


Overfull \hbox (15.81189pt too wide) in paragraph at lines 105--105
 []    \TU/lmtt/m/n/12 '25th', 'Anniversary', 'Edition', ')', '[', 'HD', ']', '
http', ':',[] 
 []


Overfull \hbox (28.13588pt too wide) in paragraph at lines 105--105
 []     \TU/lmtt/m/n/12 17261 400001     21     12 400001 400001     12 400001 
    24   8962[] 
 []


Overfull \hbox (28.14789pt too wide) in paragraph at lines 105--105
 []    \TU/lmtt/m/n/12 400001 400001     25   2824 400001   5281  33162     46 
400001      0[] 
 []


Overfull \hbox (28.17157pt too wide) in paragraph at lines 105--105
 []         \TU/lmtt/m/n/12 0      0      0      0      0      0      0      0 
     0      0[] 
 []


Overfull \hbox (28.17157pt too wide) in paragraph at lines 105--105
 []         \TU/lmtt/m/n/12 0      0      0      0      0      0      0      0 
     0      0[] 
 []


Overfull \hbox (3.45193pt too wide) in paragraph at lines 105--105
 []    \TU/lmtt/m/n/12 'Jay', 'Z', 'joins', 'Instagram', 'with', 'nostalgic', '
tribute',[] 
 []


Overfull \hbox (21.99193pt too wide) in paragraph at lines 105--105
 []    \TU/lmtt/m/n/12 'to', 'Michael', 'Jackson', ':', 'Jay', 'Z', 'apparently
', 'joined',[] 
 []

[7]
Overfull \hbox (28.13591pt too wide) in paragraph at lines 105--105
 []    \TU/lmtt/m/n/12 400001 400001   7698 400001     18  20557   5079      5 
400001 400001[] 
 []


Overfull \hbox (28.13591pt too wide) in paragraph at lines 105--105
 []        \TU/lmtt/m/n/12 46 400001 400001   1897   1031 400001     14 400001 
     6 400001[] 
 []


Overfull \hbox (28.14767pt too wide) in paragraph at lines 105--105
 []     \TU/lmtt/m/n/12 33162     46 400001      0      0      0      0      0 
     0      0[] 
 []


Overfull \hbox (28.17157pt too wide) in paragraph at lines 105--105
 []         \TU/lmtt/m/n/12 0      0      0      0      0      0      0      0 
     0      0[] 
 []


Overfull \hbox (15.81194pt too wide) in paragraph at lines 105--105
 []    \TU/lmtt/m/n/12 'Michael', 'Jackson', ':', 'Bad', '25th', 'Anniversary',
 'Edition',[] 
 []


Overfull \hbox (3.45189pt too wide) in paragraph at lines 105--105
 []    \TU/lmtt/m/n/12 'disc', 'vinyl', 'includes', 'the', 'original', '1', 'ht
tp', ':',[] 
 []


Overfull \hbox (28.13596pt too wide) in paragraph at lines 105--105
 []    \TU/lmtt/m/n/12 400001 400001     46 400001   8962 400001 400001     24 
400001 400001[] 
 []


Overfull \hbox (28.11185pt too wide) in paragraph at lines 105--105
 []        \TU/lmtt/m/n/12 25     46 400001   3007   1836   5977  11193   1013 
     1    930[] 
 []


Overfull \hbox (28.1477pt too wide) in paragraph at lines 105--105
 []       \TU/lmtt/m/n/12 177  33162     46 400001      0      0      0      0 
     0      0[] 
 []


Overfull \hbox (28.17157pt too wide) in paragraph at lines 105--105
 []         \TU/lmtt/m/n/12 0      0      0      0      0      0      0      0 
     0      0[] 
 []


Overfull \hbox (28.1359pt too wide) in paragraph at lines 105--105
 []    \TU/lmtt/m/n/12 400001   5573      8  17528 400001    975  33162     46 
400001 400001[] 
 []


Overfull \hbox (28.15984pt too wide) in paragraph at lines 105--105
 []    \TU/lmtt/m/n/12 400001   4100     29 400001      7      1 400001     28 
    22 400001[] 
 []


Overfull \hbox (28.17181pt too wide) in paragraph at lines 105--105
 []    \TU/lmtt/m/n/12 400001      7 400001      2 400001   2824 400001   1077 
     2      0[] 
 []


Overfull \hbox (28.17157pt too wide) in paragraph at lines 105--105
 []         \TU/lmtt/m/n/12 0      0      0      0      0      0      0      0 
     0      0[] 
 []


Overfull \hbox (21.9919pt too wide) in paragraph at lines 105--105
 []    \TU/lmtt/m/n/12 '18th', 'anniv', 'of', 'Princess', 'Diana', "'s", 'death
', '.', 'I',[] 
 []

[8]
Overfull \hbox (15.8119pt too wide) in paragraph at lines 105--105
 []    \TU/lmtt/m/n/12 'still', 'want', 'to', 'believe', 'she', 'is', 'living',
 'on', 'a',[] 
 []


Overfull \hbox (9.63188pt too wide) in paragraph at lines 105--105
 []    \TU/lmtt/m/n/12 'private', 'island', 'away', 'from', 'the', 'public', '.
', 'With',[] 
 []


Overfull \hbox (28.17186pt too wide) in paragraph at lines 105--105
 []      \TU/lmtt/m/n/12 4014 400001      4 400001 400001     10    337      3 
400001    150[] 
 []


Overfull \hbox (28.14777pt too wide) in paragraph at lines 105--105
 []       \TU/lmtt/m/n/12 304      5    734     68     15    757     14      8 
   673    584[] 
 []


Overfull \hbox (28.13579pt too wide) in paragraph at lines 105--105
 []       \TU/lmtt/m/n/12 421     26      1    199      3 400001 400001 400001 
     3      0[] 
 []


Overfull \hbox (28.17157pt too wide) in paragraph at lines 105--105
 []         \TU/lmtt/m/n/12 0      0      0      0      0      0      0      0 
     0      0[] 
 []


Overfull \hbox (11.75354pt too wide) in paragraph at lines 112--113
\TU/MinionPro(0)/m/n/12 από τα προεκπαιδευμένα word embeddings. Για τον σκοπό α
υτό εκμεταλλευόμαστε τη διδιάσταση
 []


Overfull \hbox (16.86314pt too wide) in paragraph at lines 112--113
\TU/MinionPro(0)/m/n/12 μήτρα που επιστρέφει η συνάρτηση [][]\TU/lmtt/m/n/12 lo
ad_word_vectors[]\TU/MinionPro(0)/m/n/12 . Παγώνουμε το embedding layer, δηλαδή

 []


Overfull \hbox (19.61758pt too wide) in paragraph at lines 112--113
\TU/MinionPro(0)/m/n/12 δηλώνουμε ότι τα βάρη του δεν θα ενημερωθούν περαιτέρω 
κατά την εκπαίδευση. Για το σκοπό αυτό
 []


Overfull \hbox (12.04951pt too wide) in paragraph at lines 112--113
\TU/MinionPro(0)/m/n/12 συμπληρώνουμε τα κενά στις θέσεις [][]\TU/lmtt/m/n/12 m
odels.py:EX4[]\TU/MinionPro(0)/m/n/12 . Ακολουθούν οι απαντήσεις στα ερωτήματα:
 
 []


Overfull \hbox (33.76187pt too wide) in paragraph at lines 117--118
[]\TU/MinionPro(0)/m/n/12 Ένας βασικός λόγος είναι ότι επιταχύνουμε κατά πολύ τ
ο learning process, αφού για να φτιάξουμε
 []


Overfull \hbox (8.92986pt too wide) in paragraph at lines 117--118
\TU/MinionPro(0)/m/n/12 τα δικά μας embeddings εκ του μηδενός, χρειαζόμαστε πολ
ύ χρόνο τόσο για την υλοποίηση,
 []


Overfull \hbox (24.81117pt too wide) in paragraph at lines 117--118
\TU/MinionPro(0)/m/n/12 όσο και για την εκπαίδευσή τους. Ακόμα και τότε, πάλι δ
εν θα πετυχαίναμε τόσο ικανοποιητικό
 []


Overfull \hbox (15.42181pt too wide) in paragraph at lines 117--118
\TU/MinionPro(0)/m/n/12 αποτέλεσμα, αφού τα προεκπαιδευμένα word embeddings έχο
υν εκπαιδευτεί σε πολύ μεγάλα
 []


Overfull \hbox (42.41513pt too wide) in paragraph at lines 117--118
\TU/MinionPro(0)/m/n/12 σύνολα δεδομένων, και σε πολλές διαστάσεις (υπάρχουν εκ
δόσεις με 300 διαστάσεις). Αποτέλεσμα
 []


Overfull \hbox (20.89388pt too wide) in paragraph at lines 117--118
\TU/MinionPro(0)/m/n/12 είναι τα embeddings αυτά να έχουν μάθει χρήσιμα (και αρ
κετά γενικά) word associations, ώστε
 []


Overfull \hbox (2.24551pt too wide) in paragraph at lines 121--122
\TU/MinionPro(0)/m/n/12 τα προαναφερθέντα χρήσιμα word associations. Το corpus 
που χρησιμοποιούμε είναι κατά
 []


Overfull \hbox (27.90422pt too wide) in paragraph at lines 121--122
\TU/MinionPro(0)/m/n/12 corpus κινδυνεύουν να χάσουν την πολύτιμη πληροφορία πο
υ προϋπήρχε λόγω του pretraining.
 []


Overfull \hbox (12.87383pt too wide) in paragraph at lines 121--122
\TU/MinionPro(0)/m/n/12 Επειδή τέτοιου είδους ”παρενέργειες” είναι ανεπιθύμητες
, επιλέγουμε να κρατάμε παγωμένα
 []


Overfull \hbox (18.60333pt too wide) in paragraph at lines 126--127
\TU/MinionPro(0)/m/n/12 Σε αυτό το σημείο δημιουργούμε ένα layer με μία μη γραμ
μική συνάρτηση ενεργοποίησης (ReLU στη
 []

[9]
Overfull \hbox (2.56064pt too wide) in paragraph at lines 131--132
\TU/MinionPro(0)/m/n/12 συνάρτηση ενεργοποίησης (ReLU στην δική μας περίπτωση).
 Αν είχαμε 2 ή περισσότερους
 []


Overfull \hbox (8.9738pt too wide) in paragraph at lines 131--132
\TU/MinionPro(0)/m/n/12 γραμμικούς μετασχηματισμούς στη σειρά, ο συνολικός μετα
σχηματισμός που θα προέκυπτε
 []


Overfull \hbox (5.12584pt too wide) in paragraph at lines 131--132
\TU/MinionPro(0)/m/n/12 θα ήταν επίσης γραμμικός, και έτσι δεν θα είχαμε την δυ
νατότητα μοντελοποίησης (η οποία
 []


Overfull \hbox (11.81224pt too wide) in paragraph at lines 136--137
\TU/MinionPro(0)/m/n/12 Στο τελευταίο βήμα σχεδιάζουμε τον τρόπο με τον οποίο τ
ο δίκτυο θα μετασχηματίσει τα δεδομένα
 []


Overfull \hbox (8.59354pt too wide) in paragraph at lines 136--137
\TU/MinionPro(0)/m/n/12 εισόδου στις αντίστοιχες εξόδους-προβλέψεις. Δημιουργού
με δηλαδή ένα μοντέλο που εκτελεί τα
 []


Overfull \hbox (36.44022pt too wide) in paragraph at lines 148--149
[]\TU/MinionPro(0)/b/n/12 Αν θεωρήσουμε ότι κάθε διάσταση του embedding χώρου α
ντιστοιχεί σε μία αφηρημένη έννοια,
 []


Overfull \hbox (43.4762pt too wide) in paragraph at lines 148--149
\TU/MinionPro(0)/b/n/12 μπορείτε να δώσετε μία διαισθητική ερμηνεία για το τι π
εριγράφει η αναπαράσταση που φτιάξατε
 []


Overfull \hbox (6.12416pt too wide) in paragraph at lines 152--153
[]\TU/MinionPro(0)/b/n/12 Αναφέρετε πιθανές αδυναμίες της συγκεκριμένης προσέγγ
ισης για να αναπαραστήσουμε
 []

[10]
Overfull \hbox (7.59116pt too wide) in paragraph at lines 162--163
\TU/MinionPro(0)/m/n/12 για κάθε dataset, συμπληρώνοντας τα κενά στις θέσεις []
[]\TU/lmtt/m/n/12 main.py:EX7[]\TU/MinionPro(0)/m/n/12 . Ακολουθούν οι απαντήσε
ις
 []


Overfull \hbox (3.4602pt too wide) in paragraph at lines 190--191
[]\TU/MinionPro(0)/m/n/12 Αποτρέπουμε το μοντέλο από το να εγκλωβιστεί σε τοπικ
ά ελάχιστα της συνάρτησης
 []

[11]
Overfull \hbox (29.98584pt too wide) in paragraph at lines 208--209
\TU/MinionPro(0)/m/n/12 Βρισκόμαστε στο τελευταίο βήμα της εκπαίδευσης του μοντ
έλου, δηλαδή την υλοποίηση των μεθόδων
 []


Overfull \hbox (24.9775pt too wide) in paragraph at lines 208--209
\TU/MinionPro(0)/m/n/12 εκπαίδευσης και αξιολόγησης κάθε mini-batch. Χρησιμοποι
ούμε τις συναρτήσεις [][]\TU/lmtt/m/n/12 train_dataset()
 []


Overfull \hbox (10.61356pt too wide) in paragraph at lines 208--209
[]\TU/MinionPro(0)/m/n/12 και [][]\TU/lmtt/m/n/12 eval_dataset()[]\TU/MinionPro
(0)/m/n/12 . Για το σκοπό αυτό συμπληρώνουμε τα κενά στις θέσεις [][]\TU/lmtt/m
/n/12 training.py:EX9[]\TU/MinionPro(0)/m/n/12 . 
 []

File: results/MR_train_loss.pdf Graphic file (type pdf)
<use results/MR_train_loss.pdf>
[12]
File: results/MR_test_loss.pdf Graphic file (type pdf)
<use results/MR_test_loss.pdf>
 [13]
File: results/Semeval2017A_train_loss.pdf Graphic file (type pdf)
<use results/Semeval2017A_train_loss.pdf>
File: results/Semeval2017A_test_loss.pdf Graphic file (type pdf)
<use results/Semeval2017A_test_loss.pdf>
 [14] [15] (./main.aux)
Package rerunfilecheck Info: File `main.out' has not changed.
(rerunfilecheck)             Checksum: A9BC9D26728590E2FC5AB4B129FD928B;2617.
 ) 
Here is how much of TeX's memory you used:
 17341 strings out of 478190
 338526 string characters out of 5854813
 722417 words of memory out of 5000000
 37616 multiletter control sequences out of 15000+600000
 477177 words of font info for 85 fonts, out of 8000000 for 9000
 14 hyphenation exceptions out of 8191
 99i,7n,95p,675b,600s stack positions out of 5000i,500n,10000p,200000b,80000s

Output written on main.pdf (15 pages).
